verification result:
spin -a  promela_model_code.pml
gcc -DMEMLIM=1024 -O2 -DXUSAFE -DSAFETY -DNOCLAIM -w -o pan pan.c
./pan -m10000 
Pid: 13106

(Spin Version 6.4.7 -- 19 August 2017)
	+ Partial Order Reduction

Full statespace search for:
	never claim         	- (not selected)
	assertion violations	+
	cycle checks       	- (disabled by -DSAFETY)
	invalid end states	+

State-vector 52 byte, depth reached 387, errors: 0
      633 states, stored
     1627 states, matched
     2260 transitions (= stored+matched)
        1 atomic steps
hash conflicts:         0 (resolved)

Stats on memory usage (in Megabytes):
    0.048	equivalent memory usage for states (stored*(State-vector + overhead))
    0.292	actual memory usage for states
  128.000	memory used for hash table (-w24)
    0.534	memory used for DFS stack (-m10000)
  128.730	total actual memory usage


unreached in proctype P
	promela_model_code.pml:12, state 8, "-end-"
	(1 of 8 states)
unreached in init
	(0 of 4 states)

pan: elapsed time 0 seconds
No errors found -- did you verify all claims?


